[2026-01-16T00:31:27.211+0000] {processor.py:161} INFO - Started process (PID=1300) to work on /opt/airflow/dags/price_pipeline_dag.py
[2026-01-16T00:31:27.229+0000] {processor.py:830} INFO - Processing file /opt/airflow/dags/price_pipeline_dag.py for tasks to queue
[2026-01-16T00:31:27.242+0000] {logging_mixin.py:188} INFO - [2026-01-16T00:31:27.240+0000] {dagbag.py:545} INFO - Filling up the DagBag from /opt/airflow/dags/price_pipeline_dag.py
[2026-01-16T00:31:29.261+0000] {processor.py:840} INFO - DAG(s) 'retail_price_pipeline' retrieved from /opt/airflow/dags/price_pipeline_dag.py
[2026-01-16T00:31:32.024+0000] {logging_mixin.py:188} INFO - [2026-01-16T00:31:32.023+0000] {dag.py:3089} INFO - Sync 1 DAGs
[2026-01-16T00:32:45.374+0000] {processor.py:161} INFO - Started process (PID=1303) to work on /opt/airflow/dags/price_pipeline_dag.py
[2026-01-16T00:32:45.397+0000] {processor.py:830} INFO - Processing file /opt/airflow/dags/price_pipeline_dag.py for tasks to queue
[2026-01-16T00:32:45.416+0000] {logging_mixin.py:188} INFO - [2026-01-16T00:32:45.408+0000] {dagbag.py:545} INFO - Filling up the DagBag from /opt/airflow/dags/price_pipeline_dag.py
[2026-01-16T00:32:46.167+0000] {processor.py:840} INFO - DAG(s) 'retail_price_pipeline' retrieved from /opt/airflow/dags/price_pipeline_dag.py
[2026-01-16T00:32:55.485+0000] {logging_mixin.py:188} INFO - [2026-01-16T00:32:55.484+0000] {dag.py:3089} INFO - Sync 1 DAGs
[2026-01-16T00:32:55.970+0000] {logging_mixin.py:188} INFO - [2026-01-16T00:32:55.968+0000] {dag.py:3947} INFO - Setting next_dagrun for retail_price_pipeline to 2026-01-16 00:00:00+00:00, run_after=2026-01-17 00:00:00+00:00
[2026-01-16T00:32:56.178+0000] {processor.py:183} INFO - Processing /opt/airflow/dags/price_pipeline_dag.py took 11.023 seconds
[2026-01-16T00:33:26.621+0000] {processor.py:161} INFO - Started process (PID=1310) to work on /opt/airflow/dags/price_pipeline_dag.py
[2026-01-16T00:33:26.624+0000] {processor.py:830} INFO - Processing file /opt/airflow/dags/price_pipeline_dag.py for tasks to queue
[2026-01-16T00:33:26.628+0000] {logging_mixin.py:188} INFO - [2026-01-16T00:33:26.626+0000] {dagbag.py:545} INFO - Filling up the DagBag from /opt/airflow/dags/price_pipeline_dag.py
[2026-01-16T00:33:26.741+0000] {processor.py:840} INFO - DAG(s) 'retail_price_pipeline' retrieved from /opt/airflow/dags/price_pipeline_dag.py
[2026-01-16T00:33:26.825+0000] {logging_mixin.py:188} INFO - [2026-01-16T00:33:26.824+0000] {dag.py:3089} INFO - Sync 1 DAGs
[2026-01-16T00:33:26.879+0000] {logging_mixin.py:188} INFO - [2026-01-16T00:33:26.878+0000] {dag.py:3947} INFO - Setting next_dagrun for retail_price_pipeline to 2026-01-16 00:00:00+00:00, run_after=2026-01-17 00:00:00+00:00
[2026-01-16T00:33:27.091+0000] {processor.py:183} INFO - Processing /opt/airflow/dags/price_pipeline_dag.py took 0.488 seconds
[2026-01-16T00:33:57.610+0000] {processor.py:161} INFO - Started process (PID=1315) to work on /opt/airflow/dags/price_pipeline_dag.py
[2026-01-16T00:33:57.613+0000] {processor.py:830} INFO - Processing file /opt/airflow/dags/price_pipeline_dag.py for tasks to queue
[2026-01-16T00:33:57.618+0000] {logging_mixin.py:188} INFO - [2026-01-16T00:33:57.616+0000] {dagbag.py:545} INFO - Filling up the DagBag from /opt/airflow/dags/price_pipeline_dag.py
[2026-01-16T00:33:57.697+0000] {processor.py:840} INFO - DAG(s) 'retail_price_pipeline' retrieved from /opt/airflow/dags/price_pipeline_dag.py
[2026-01-16T00:33:57.791+0000] {logging_mixin.py:188} INFO - [2026-01-16T00:33:57.790+0000] {dag.py:3089} INFO - Sync 1 DAGs
[2026-01-16T00:33:57.843+0000] {logging_mixin.py:188} INFO - [2026-01-16T00:33:57.843+0000] {dag.py:3947} INFO - Setting next_dagrun for retail_price_pipeline to 2026-01-16 00:00:00+00:00, run_after=2026-01-17 00:00:00+00:00
[2026-01-16T00:33:57.918+0000] {processor.py:183} INFO - Processing /opt/airflow/dags/price_pipeline_dag.py took 0.326 seconds
[2026-01-16T00:34:29.293+0000] {processor.py:161} INFO - Started process (PID=1320) to work on /opt/airflow/dags/price_pipeline_dag.py
[2026-01-16T00:34:29.298+0000] {processor.py:830} INFO - Processing file /opt/airflow/dags/price_pipeline_dag.py for tasks to queue
[2026-01-16T00:34:29.307+0000] {logging_mixin.py:188} INFO - [2026-01-16T00:34:29.305+0000] {dagbag.py:545} INFO - Filling up the DagBag from /opt/airflow/dags/price_pipeline_dag.py
[2026-01-16T00:34:29.555+0000] {processor.py:840} INFO - DAG(s) 'retail_price_pipeline' retrieved from /opt/airflow/dags/price_pipeline_dag.py
[2026-01-16T00:34:29.813+0000] {logging_mixin.py:188} INFO - [2026-01-16T00:34:29.812+0000] {dag.py:3089} INFO - Sync 1 DAGs
[2026-01-16T00:34:30.000+0000] {logging_mixin.py:188} INFO - [2026-01-16T00:34:29.999+0000] {dag.py:3947} INFO - Setting next_dagrun for retail_price_pipeline to 2026-01-16 00:00:00+00:00, run_after=2026-01-17 00:00:00+00:00
[2026-01-16T00:34:30.267+0000] {processor.py:183} INFO - Processing /opt/airflow/dags/price_pipeline_dag.py took 1.013 seconds
[2026-01-16T00:35:01.153+0000] {processor.py:161} INFO - Started process (PID=1325) to work on /opt/airflow/dags/price_pipeline_dag.py
[2026-01-16T00:35:01.156+0000] {processor.py:830} INFO - Processing file /opt/airflow/dags/price_pipeline_dag.py for tasks to queue
[2026-01-16T00:35:01.159+0000] {logging_mixin.py:188} INFO - [2026-01-16T00:35:01.158+0000] {dagbag.py:545} INFO - Filling up the DagBag from /opt/airflow/dags/price_pipeline_dag.py
[2026-01-16T00:35:01.308+0000] {processor.py:840} INFO - DAG(s) 'retail_price_pipeline' retrieved from /opt/airflow/dags/price_pipeline_dag.py
[2026-01-16T00:35:01.422+0000] {logging_mixin.py:188} INFO - [2026-01-16T00:35:01.422+0000] {dag.py:3089} INFO - Sync 1 DAGs
[2026-01-16T00:35:01.498+0000] {logging_mixin.py:188} INFO - [2026-01-16T00:35:01.497+0000] {dag.py:3947} INFO - Setting next_dagrun for retail_price_pipeline to 2026-01-16 00:00:00+00:00, run_after=2026-01-17 00:00:00+00:00
[2026-01-16T00:35:01.575+0000] {processor.py:183} INFO - Processing /opt/airflow/dags/price_pipeline_dag.py took 0.443 seconds
[2026-01-16T00:35:31.932+0000] {processor.py:161} INFO - Started process (PID=1330) to work on /opt/airflow/dags/price_pipeline_dag.py
[2026-01-16T00:35:31.936+0000] {processor.py:830} INFO - Processing file /opt/airflow/dags/price_pipeline_dag.py for tasks to queue
[2026-01-16T00:35:31.940+0000] {logging_mixin.py:188} INFO - [2026-01-16T00:35:31.939+0000] {dagbag.py:545} INFO - Filling up the DagBag from /opt/airflow/dags/price_pipeline_dag.py
[2026-01-16T00:35:32.055+0000] {processor.py:840} INFO - DAG(s) 'retail_price_pipeline' retrieved from /opt/airflow/dags/price_pipeline_dag.py
[2026-01-16T00:35:32.152+0000] {logging_mixin.py:188} INFO - [2026-01-16T00:35:32.151+0000] {dag.py:3089} INFO - Sync 1 DAGs
[2026-01-16T00:35:32.204+0000] {logging_mixin.py:188} INFO - [2026-01-16T00:35:32.203+0000] {dag.py:3947} INFO - Setting next_dagrun for retail_price_pipeline to 2026-01-16 00:00:00+00:00, run_after=2026-01-17 00:00:00+00:00
[2026-01-16T00:35:32.255+0000] {processor.py:183} INFO - Processing /opt/airflow/dags/price_pipeline_dag.py took 0.352 seconds
[2026-01-16T00:36:02.483+0000] {processor.py:161} INFO - Started process (PID=1335) to work on /opt/airflow/dags/price_pipeline_dag.py
[2026-01-16T00:36:02.489+0000] {processor.py:830} INFO - Processing file /opt/airflow/dags/price_pipeline_dag.py for tasks to queue
[2026-01-16T00:36:02.493+0000] {logging_mixin.py:188} INFO - [2026-01-16T00:36:02.492+0000] {dagbag.py:545} INFO - Filling up the DagBag from /opt/airflow/dags/price_pipeline_dag.py
[2026-01-16T00:36:02.594+0000] {processor.py:840} INFO - DAG(s) 'retail_price_pipeline' retrieved from /opt/airflow/dags/price_pipeline_dag.py
[2026-01-16T00:36:02.696+0000] {logging_mixin.py:188} INFO - [2026-01-16T00:36:02.695+0000] {dag.py:3089} INFO - Sync 1 DAGs
[2026-01-16T00:36:02.745+0000] {logging_mixin.py:188} INFO - [2026-01-16T00:36:02.744+0000] {dag.py:3947} INFO - Setting next_dagrun for retail_price_pipeline to 2026-01-16 00:00:00+00:00, run_after=2026-01-17 00:00:00+00:00
[2026-01-16T00:36:02.908+0000] {processor.py:183} INFO - Processing /opt/airflow/dags/price_pipeline_dag.py took 0.469 seconds
[2026-01-16T00:36:33.571+0000] {processor.py:161} INFO - Started process (PID=1340) to work on /opt/airflow/dags/price_pipeline_dag.py
[2026-01-16T00:36:33.574+0000] {processor.py:830} INFO - Processing file /opt/airflow/dags/price_pipeline_dag.py for tasks to queue
[2026-01-16T00:36:33.577+0000] {logging_mixin.py:188} INFO - [2026-01-16T00:36:33.576+0000] {dagbag.py:545} INFO - Filling up the DagBag from /opt/airflow/dags/price_pipeline_dag.py
[2026-01-16T00:36:33.671+0000] {processor.py:840} INFO - DAG(s) 'retail_price_pipeline' retrieved from /opt/airflow/dags/price_pipeline_dag.py
[2026-01-16T00:36:33.827+0000] {logging_mixin.py:188} INFO - [2026-01-16T00:36:33.826+0000] {dag.py:3089} INFO - Sync 1 DAGs
[2026-01-16T00:36:34.009+0000] {logging_mixin.py:188} INFO - [2026-01-16T00:36:34.001+0000] {dag.py:3947} INFO - Setting next_dagrun for retail_price_pipeline to 2026-01-16 00:00:00+00:00, run_after=2026-01-17 00:00:00+00:00
[2026-01-16T00:36:34.102+0000] {processor.py:183} INFO - Processing /opt/airflow/dags/price_pipeline_dag.py took 0.550 seconds
[2026-01-16T00:37:04.897+0000] {processor.py:161} INFO - Started process (PID=1345) to work on /opt/airflow/dags/price_pipeline_dag.py
[2026-01-16T00:37:04.902+0000] {processor.py:830} INFO - Processing file /opt/airflow/dags/price_pipeline_dag.py for tasks to queue
[2026-01-16T00:37:04.905+0000] {logging_mixin.py:188} INFO - [2026-01-16T00:37:04.904+0000] {dagbag.py:545} INFO - Filling up the DagBag from /opt/airflow/dags/price_pipeline_dag.py
[2026-01-16T00:37:05.038+0000] {processor.py:840} INFO - DAG(s) 'retail_price_pipeline' retrieved from /opt/airflow/dags/price_pipeline_dag.py
[2026-01-16T00:37:05.204+0000] {logging_mixin.py:188} INFO - [2026-01-16T00:37:05.203+0000] {dag.py:3089} INFO - Sync 1 DAGs
[2026-01-16T00:37:05.289+0000] {logging_mixin.py:188} INFO - [2026-01-16T00:37:05.288+0000] {dag.py:3947} INFO - Setting next_dagrun for retail_price_pipeline to 2026-01-16 00:00:00+00:00, run_after=2026-01-17 00:00:00+00:00
[2026-01-16T00:37:05.356+0000] {processor.py:183} INFO - Processing /opt/airflow/dags/price_pipeline_dag.py took 0.492 seconds
[2026-01-16T00:37:35.769+0000] {processor.py:161} INFO - Started process (PID=1350) to work on /opt/airflow/dags/price_pipeline_dag.py
[2026-01-16T00:37:35.791+0000] {processor.py:830} INFO - Processing file /opt/airflow/dags/price_pipeline_dag.py for tasks to queue
[2026-01-16T00:37:35.799+0000] {logging_mixin.py:188} INFO - [2026-01-16T00:37:35.796+0000] {dagbag.py:545} INFO - Filling up the DagBag from /opt/airflow/dags/price_pipeline_dag.py
[2026-01-16T00:37:36.105+0000] {processor.py:840} INFO - DAG(s) 'retail_price_pipeline' retrieved from /opt/airflow/dags/price_pipeline_dag.py
[2026-01-16T00:37:36.809+0000] {logging_mixin.py:188} INFO - [2026-01-16T00:37:36.808+0000] {dag.py:3089} INFO - Sync 1 DAGs
[2026-01-16T00:37:37.005+0000] {logging_mixin.py:188} INFO - [2026-01-16T00:37:37.004+0000] {dag.py:3947} INFO - Setting next_dagrun for retail_price_pipeline to 2026-01-16 00:00:00+00:00, run_after=2026-01-17 00:00:00+00:00
[2026-01-16T00:37:37.164+0000] {processor.py:183} INFO - Processing /opt/airflow/dags/price_pipeline_dag.py took 1.471 seconds
[2026-01-16T00:38:07.626+0000] {processor.py:161} INFO - Started process (PID=1355) to work on /opt/airflow/dags/price_pipeline_dag.py
[2026-01-16T00:38:07.631+0000] {processor.py:830} INFO - Processing file /opt/airflow/dags/price_pipeline_dag.py for tasks to queue
[2026-01-16T00:38:07.635+0000] {logging_mixin.py:188} INFO - [2026-01-16T00:38:07.634+0000] {dagbag.py:545} INFO - Filling up the DagBag from /opt/airflow/dags/price_pipeline_dag.py
[2026-01-16T00:38:07.827+0000] {processor.py:840} INFO - DAG(s) 'retail_price_pipeline' retrieved from /opt/airflow/dags/price_pipeline_dag.py
[2026-01-16T00:38:08.069+0000] {logging_mixin.py:188} INFO - [2026-01-16T00:38:08.068+0000] {dag.py:3089} INFO - Sync 1 DAGs
[2026-01-16T00:38:08.273+0000] {logging_mixin.py:188} INFO - [2026-01-16T00:38:08.271+0000] {dag.py:3947} INFO - Setting next_dagrun for retail_price_pipeline to 2026-01-16 00:00:00+00:00, run_after=2026-01-17 00:00:00+00:00
[2026-01-16T00:38:08.398+0000] {processor.py:183} INFO - Processing /opt/airflow/dags/price_pipeline_dag.py took 0.839 seconds
[2026-01-16T00:38:39.646+0000] {processor.py:161} INFO - Started process (PID=1362) to work on /opt/airflow/dags/price_pipeline_dag.py
[2026-01-16T00:38:39.655+0000] {processor.py:830} INFO - Processing file /opt/airflow/dags/price_pipeline_dag.py for tasks to queue
[2026-01-16T00:38:39.663+0000] {logging_mixin.py:188} INFO - [2026-01-16T00:38:39.661+0000] {dagbag.py:545} INFO - Filling up the DagBag from /opt/airflow/dags/price_pipeline_dag.py
[2026-01-16T00:38:39.864+0000] {processor.py:840} INFO - DAG(s) 'retail_price_pipeline' retrieved from /opt/airflow/dags/price_pipeline_dag.py
[2026-01-16T00:38:40.126+0000] {logging_mixin.py:188} INFO - [2026-01-16T00:38:40.125+0000] {dag.py:3089} INFO - Sync 1 DAGs
[2026-01-16T00:38:40.286+0000] {logging_mixin.py:188} INFO - [2026-01-16T00:38:40.285+0000] {dag.py:3947} INFO - Setting next_dagrun for retail_price_pipeline to 2026-01-16 00:00:00+00:00, run_after=2026-01-17 00:00:00+00:00
[2026-01-16T00:38:40.832+0000] {processor.py:183} INFO - Processing /opt/airflow/dags/price_pipeline_dag.py took 1.237 seconds
[2026-01-16T00:39:11.717+0000] {processor.py:161} INFO - Started process (PID=1367) to work on /opt/airflow/dags/price_pipeline_dag.py
[2026-01-16T00:39:11.720+0000] {processor.py:830} INFO - Processing file /opt/airflow/dags/price_pipeline_dag.py for tasks to queue
[2026-01-16T00:39:11.723+0000] {logging_mixin.py:188} INFO - [2026-01-16T00:39:11.722+0000] {dagbag.py:545} INFO - Filling up the DagBag from /opt/airflow/dags/price_pipeline_dag.py
[2026-01-16T00:39:11.833+0000] {processor.py:840} INFO - DAG(s) 'retail_price_pipeline' retrieved from /opt/airflow/dags/price_pipeline_dag.py
[2026-01-16T00:39:12.006+0000] {logging_mixin.py:188} INFO - [2026-01-16T00:39:12.005+0000] {dag.py:3089} INFO - Sync 1 DAGs
[2026-01-16T00:39:12.135+0000] {logging_mixin.py:188} INFO - [2026-01-16T00:39:12.134+0000] {dag.py:3947} INFO - Setting next_dagrun for retail_price_pipeline to 2026-01-16 00:00:00+00:00, run_after=2026-01-17 00:00:00+00:00
[2026-01-16T00:39:12.299+0000] {processor.py:183} INFO - Processing /opt/airflow/dags/price_pipeline_dag.py took 0.602 seconds
[2026-01-16T00:39:43.054+0000] {processor.py:161} INFO - Started process (PID=1372) to work on /opt/airflow/dags/price_pipeline_dag.py
[2026-01-16T00:39:43.061+0000] {processor.py:830} INFO - Processing file /opt/airflow/dags/price_pipeline_dag.py for tasks to queue
[2026-01-16T00:39:43.067+0000] {logging_mixin.py:188} INFO - [2026-01-16T00:39:43.066+0000] {dagbag.py:545} INFO - Filling up the DagBag from /opt/airflow/dags/price_pipeline_dag.py
[2026-01-16T00:39:43.178+0000] {processor.py:840} INFO - DAG(s) 'retail_price_pipeline' retrieved from /opt/airflow/dags/price_pipeline_dag.py
[2026-01-16T00:39:43.389+0000] {logging_mixin.py:188} INFO - [2026-01-16T00:39:43.388+0000] {dag.py:3089} INFO - Sync 1 DAGs
[2026-01-16T00:39:43.499+0000] {logging_mixin.py:188} INFO - [2026-01-16T00:39:43.499+0000] {dag.py:3947} INFO - Setting next_dagrun for retail_price_pipeline to 2026-01-16 00:00:00+00:00, run_after=2026-01-17 00:00:00+00:00
[2026-01-16T00:39:43.632+0000] {processor.py:183} INFO - Processing /opt/airflow/dags/price_pipeline_dag.py took 0.624 seconds
[2026-01-16T00:40:14.766+0000] {processor.py:161} INFO - Started process (PID=1377) to work on /opt/airflow/dags/price_pipeline_dag.py
[2026-01-16T00:40:14.769+0000] {processor.py:830} INFO - Processing file /opt/airflow/dags/price_pipeline_dag.py for tasks to queue
[2026-01-16T00:40:14.774+0000] {logging_mixin.py:188} INFO - [2026-01-16T00:40:14.773+0000] {dagbag.py:545} INFO - Filling up the DagBag from /opt/airflow/dags/price_pipeline_dag.py
[2026-01-16T00:40:14.888+0000] {processor.py:840} INFO - DAG(s) 'retail_price_pipeline' retrieved from /opt/airflow/dags/price_pipeline_dag.py
[2026-01-16T00:40:15.017+0000] {logging_mixin.py:188} INFO - [2026-01-16T00:40:15.016+0000] {dag.py:3089} INFO - Sync 1 DAGs
[2026-01-16T00:40:15.162+0000] {logging_mixin.py:188} INFO - [2026-01-16T00:40:15.162+0000] {dag.py:3947} INFO - Setting next_dagrun for retail_price_pipeline to 2026-01-16 00:00:00+00:00, run_after=2026-01-17 00:00:00+00:00
[2026-01-16T00:40:15.257+0000] {processor.py:183} INFO - Processing /opt/airflow/dags/price_pipeline_dag.py took 0.529 seconds
[2026-01-16T00:40:45.892+0000] {processor.py:161} INFO - Started process (PID=1382) to work on /opt/airflow/dags/price_pipeline_dag.py
[2026-01-16T00:40:45.899+0000] {processor.py:830} INFO - Processing file /opt/airflow/dags/price_pipeline_dag.py for tasks to queue
[2026-01-16T00:40:45.909+0000] {logging_mixin.py:188} INFO - [2026-01-16T00:40:45.902+0000] {dagbag.py:545} INFO - Filling up the DagBag from /opt/airflow/dags/price_pipeline_dag.py
[2026-01-16T00:40:46.525+0000] {processor.py:840} INFO - DAG(s) 'retail_price_pipeline' retrieved from /opt/airflow/dags/price_pipeline_dag.py
[2026-01-16T00:40:46.630+0000] {logging_mixin.py:188} INFO - [2026-01-16T00:40:46.629+0000] {dag.py:3089} INFO - Sync 1 DAGs
[2026-01-16T00:40:46.731+0000] {logging_mixin.py:188} INFO - [2026-01-16T00:40:46.731+0000] {dag.py:3947} INFO - Setting next_dagrun for retail_price_pipeline to 2026-01-16 00:00:00+00:00, run_after=2026-01-17 00:00:00+00:00
[2026-01-16T00:40:47.875+0000] {processor.py:183} INFO - Processing /opt/airflow/dags/price_pipeline_dag.py took 2.042 seconds
[2026-01-16T00:41:18.907+0000] {processor.py:161} INFO - Started process (PID=1387) to work on /opt/airflow/dags/price_pipeline_dag.py
[2026-01-16T00:41:18.914+0000] {processor.py:830} INFO - Processing file /opt/airflow/dags/price_pipeline_dag.py for tasks to queue
[2026-01-16T00:41:18.918+0000] {logging_mixin.py:188} INFO - [2026-01-16T00:41:18.917+0000] {dagbag.py:545} INFO - Filling up the DagBag from /opt/airflow/dags/price_pipeline_dag.py
[2026-01-16T00:41:19.009+0000] {processor.py:840} INFO - DAG(s) 'retail_price_pipeline' retrieved from /opt/airflow/dags/price_pipeline_dag.py
[2026-01-16T00:41:19.192+0000] {logging_mixin.py:188} INFO - [2026-01-16T00:41:19.190+0000] {dag.py:3089} INFO - Sync 1 DAGs
[2026-01-16T00:41:19.468+0000] {logging_mixin.py:188} INFO - [2026-01-16T00:41:19.467+0000] {dag.py:3947} INFO - Setting next_dagrun for retail_price_pipeline to 2026-01-16 00:00:00+00:00, run_after=2026-01-17 00:00:00+00:00
[2026-01-16T00:41:19.660+0000] {processor.py:183} INFO - Processing /opt/airflow/dags/price_pipeline_dag.py took 0.780 seconds
[2026-01-16T00:41:50.778+0000] {processor.py:161} INFO - Started process (PID=1392) to work on /opt/airflow/dags/price_pipeline_dag.py
[2026-01-16T00:41:50.781+0000] {processor.py:830} INFO - Processing file /opt/airflow/dags/price_pipeline_dag.py for tasks to queue
[2026-01-16T00:41:50.785+0000] {logging_mixin.py:188} INFO - [2026-01-16T00:41:50.784+0000] {dagbag.py:545} INFO - Filling up the DagBag from /opt/airflow/dags/price_pipeline_dag.py
[2026-01-16T00:41:50.858+0000] {processor.py:840} INFO - DAG(s) 'retail_price_pipeline' retrieved from /opt/airflow/dags/price_pipeline_dag.py
[2026-01-16T00:41:51.196+0000] {logging_mixin.py:188} INFO - [2026-01-16T00:41:51.195+0000] {dag.py:3089} INFO - Sync 1 DAGs
[2026-01-16T00:41:51.259+0000] {logging_mixin.py:188} INFO - [2026-01-16T00:41:51.259+0000] {dag.py:3947} INFO - Setting next_dagrun for retail_price_pipeline to 2026-01-16 00:00:00+00:00, run_after=2026-01-17 00:00:00+00:00
[2026-01-16T00:41:51.311+0000] {processor.py:183} INFO - Processing /opt/airflow/dags/price_pipeline_dag.py took 0.560 seconds
[2026-01-16T00:42:22.817+0000] {processor.py:161} INFO - Started process (PID=1397) to work on /opt/airflow/dags/price_pipeline_dag.py
[2026-01-16T00:42:22.823+0000] {processor.py:830} INFO - Processing file /opt/airflow/dags/price_pipeline_dag.py for tasks to queue
[2026-01-16T00:42:22.830+0000] {logging_mixin.py:188} INFO - [2026-01-16T00:42:22.828+0000] {dagbag.py:545} INFO - Filling up the DagBag from /opt/airflow/dags/price_pipeline_dag.py
[2026-01-16T00:42:23.022+0000] {processor.py:840} INFO - DAG(s) 'retail_price_pipeline' retrieved from /opt/airflow/dags/price_pipeline_dag.py
[2026-01-16T00:42:23.241+0000] {logging_mixin.py:188} INFO - [2026-01-16T00:42:23.240+0000] {dag.py:3089} INFO - Sync 1 DAGs
[2026-01-16T00:42:23.308+0000] {logging_mixin.py:188} INFO - [2026-01-16T00:42:23.307+0000] {dag.py:3947} INFO - Setting next_dagrun for retail_price_pipeline to 2026-01-16 00:00:00+00:00, run_after=2026-01-17 00:00:00+00:00
[2026-01-16T00:42:23.423+0000] {processor.py:183} INFO - Processing /opt/airflow/dags/price_pipeline_dag.py took 0.691 seconds
[2026-01-16T00:42:54.505+0000] {processor.py:161} INFO - Started process (PID=1402) to work on /opt/airflow/dags/price_pipeline_dag.py
[2026-01-16T00:42:54.511+0000] {processor.py:830} INFO - Processing file /opt/airflow/dags/price_pipeline_dag.py for tasks to queue
[2026-01-16T00:42:54.515+0000] {logging_mixin.py:188} INFO - [2026-01-16T00:42:54.513+0000] {dagbag.py:545} INFO - Filling up the DagBag from /opt/airflow/dags/price_pipeline_dag.py
[2026-01-16T00:42:54.735+0000] {processor.py:840} INFO - DAG(s) 'retail_price_pipeline' retrieved from /opt/airflow/dags/price_pipeline_dag.py
[2026-01-16T00:42:55.215+0000] {logging_mixin.py:188} INFO - [2026-01-16T00:42:55.214+0000] {dag.py:3089} INFO - Sync 1 DAGs
[2026-01-16T00:42:55.361+0000] {logging_mixin.py:188} INFO - [2026-01-16T00:42:55.360+0000] {dag.py:3947} INFO - Setting next_dagrun for retail_price_pipeline to 2026-01-16 00:00:00+00:00, run_after=2026-01-17 00:00:00+00:00
[2026-01-16T00:42:55.503+0000] {processor.py:183} INFO - Processing /opt/airflow/dags/price_pipeline_dag.py took 1.021 seconds
[2026-01-16T00:43:25.977+0000] {processor.py:161} INFO - Started process (PID=1407) to work on /opt/airflow/dags/price_pipeline_dag.py
[2026-01-16T00:43:25.982+0000] {processor.py:830} INFO - Processing file /opt/airflow/dags/price_pipeline_dag.py for tasks to queue
[2026-01-16T00:43:25.985+0000] {logging_mixin.py:188} INFO - [2026-01-16T00:43:25.984+0000] {dagbag.py:545} INFO - Filling up the DagBag from /opt/airflow/dags/price_pipeline_dag.py
[2026-01-16T00:43:26.130+0000] {processor.py:840} INFO - DAG(s) 'retail_price_pipeline' retrieved from /opt/airflow/dags/price_pipeline_dag.py
[2026-01-16T00:43:26.230+0000] {logging_mixin.py:188} INFO - [2026-01-16T00:43:26.230+0000] {dag.py:3089} INFO - Sync 1 DAGs
[2026-01-16T00:43:26.302+0000] {logging_mixin.py:188} INFO - [2026-01-16T00:43:26.302+0000] {dag.py:3947} INFO - Setting next_dagrun for retail_price_pipeline to 2026-01-16 00:00:00+00:00, run_after=2026-01-17 00:00:00+00:00
[2026-01-16T00:43:26.934+0000] {processor.py:183} INFO - Processing /opt/airflow/dags/price_pipeline_dag.py took 0.983 seconds
[2026-01-16T00:43:57.251+0000] {processor.py:161} INFO - Started process (PID=1412) to work on /opt/airflow/dags/price_pipeline_dag.py
[2026-01-16T00:43:57.265+0000] {processor.py:830} INFO - Processing file /opt/airflow/dags/price_pipeline_dag.py for tasks to queue
[2026-01-16T00:43:57.269+0000] {logging_mixin.py:188} INFO - [2026-01-16T00:43:57.267+0000] {dagbag.py:545} INFO - Filling up the DagBag from /opt/airflow/dags/price_pipeline_dag.py
[2026-01-16T00:43:57.458+0000] {processor.py:840} INFO - DAG(s) 'retail_price_pipeline' retrieved from /opt/airflow/dags/price_pipeline_dag.py
[2026-01-16T00:43:58.050+0000] {logging_mixin.py:188} INFO - [2026-01-16T00:43:58.049+0000] {dag.py:3089} INFO - Sync 1 DAGs
[2026-01-16T00:43:58.407+0000] {logging_mixin.py:188} INFO - [2026-01-16T00:43:58.397+0000] {dag.py:3947} INFO - Setting next_dagrun for retail_price_pipeline to 2026-01-16 00:00:00+00:00, run_after=2026-01-17 00:00:00+00:00
[2026-01-16T00:43:58.698+0000] {processor.py:183} INFO - Processing /opt/airflow/dags/price_pipeline_dag.py took 1.479 seconds
[2026-01-16T00:44:29.479+0000] {processor.py:161} INFO - Started process (PID=1417) to work on /opt/airflow/dags/price_pipeline_dag.py
[2026-01-16T00:44:29.484+0000] {processor.py:830} INFO - Processing file /opt/airflow/dags/price_pipeline_dag.py for tasks to queue
[2026-01-16T00:44:29.489+0000] {logging_mixin.py:188} INFO - [2026-01-16T00:44:29.487+0000] {dagbag.py:545} INFO - Filling up the DagBag from /opt/airflow/dags/price_pipeline_dag.py
[2026-01-16T00:44:29.632+0000] {processor.py:840} INFO - DAG(s) 'retail_price_pipeline' retrieved from /opt/airflow/dags/price_pipeline_dag.py
[2026-01-16T00:44:29.844+0000] {logging_mixin.py:188} INFO - [2026-01-16T00:44:29.843+0000] {dag.py:3089} INFO - Sync 1 DAGs
[2026-01-16T00:44:29.963+0000] {logging_mixin.py:188} INFO - [2026-01-16T00:44:29.962+0000] {dag.py:3947} INFO - Setting next_dagrun for retail_price_pipeline to 2026-01-16 00:00:00+00:00, run_after=2026-01-17 00:00:00+00:00
[2026-01-16T00:44:30.060+0000] {processor.py:183} INFO - Processing /opt/airflow/dags/price_pipeline_dag.py took 0.628 seconds
[2026-01-16T00:45:00.837+0000] {processor.py:161} INFO - Started process (PID=1422) to work on /opt/airflow/dags/price_pipeline_dag.py
[2026-01-16T00:45:00.842+0000] {processor.py:830} INFO - Processing file /opt/airflow/dags/price_pipeline_dag.py for tasks to queue
[2026-01-16T00:45:00.848+0000] {logging_mixin.py:188} INFO - [2026-01-16T00:45:00.846+0000] {dagbag.py:545} INFO - Filling up the DagBag from /opt/airflow/dags/price_pipeline_dag.py
[2026-01-16T00:45:01.285+0000] {processor.py:840} INFO - DAG(s) 'retail_price_pipeline' retrieved from /opt/airflow/dags/price_pipeline_dag.py
[2026-01-16T00:45:01.514+0000] {logging_mixin.py:188} INFO - [2026-01-16T00:45:01.513+0000] {dag.py:3089} INFO - Sync 1 DAGs
[2026-01-16T00:45:01.595+0000] {logging_mixin.py:188} INFO - [2026-01-16T00:45:01.594+0000] {dag.py:3947} INFO - Setting next_dagrun for retail_price_pipeline to 2026-01-16 00:00:00+00:00, run_after=2026-01-17 00:00:00+00:00
[2026-01-16T00:45:01.757+0000] {processor.py:183} INFO - Processing /opt/airflow/dags/price_pipeline_dag.py took 0.946 seconds
[2026-01-16T00:45:32.174+0000] {processor.py:161} INFO - Started process (PID=1427) to work on /opt/airflow/dags/price_pipeline_dag.py
[2026-01-16T00:45:32.178+0000] {processor.py:830} INFO - Processing file /opt/airflow/dags/price_pipeline_dag.py for tasks to queue
[2026-01-16T00:45:32.181+0000] {logging_mixin.py:188} INFO - [2026-01-16T00:45:32.180+0000] {dagbag.py:545} INFO - Filling up the DagBag from /opt/airflow/dags/price_pipeline_dag.py
[2026-01-16T00:45:32.286+0000] {processor.py:840} INFO - DAG(s) 'retail_price_pipeline' retrieved from /opt/airflow/dags/price_pipeline_dag.py
[2026-01-16T00:45:32.415+0000] {logging_mixin.py:188} INFO - [2026-01-16T00:45:32.414+0000] {dag.py:3089} INFO - Sync 1 DAGs
[2026-01-16T00:45:32.510+0000] {logging_mixin.py:188} INFO - [2026-01-16T00:45:32.509+0000] {dag.py:3947} INFO - Setting next_dagrun for retail_price_pipeline to 2026-01-16 00:00:00+00:00, run_after=2026-01-17 00:00:00+00:00
[2026-01-16T00:45:32.686+0000] {processor.py:183} INFO - Processing /opt/airflow/dags/price_pipeline_dag.py took 0.531 seconds
[2026-01-16T00:46:03.075+0000] {processor.py:161} INFO - Started process (PID=1432) to work on /opt/airflow/dags/price_pipeline_dag.py
[2026-01-16T00:46:03.078+0000] {processor.py:830} INFO - Processing file /opt/airflow/dags/price_pipeline_dag.py for tasks to queue
[2026-01-16T00:46:03.080+0000] {logging_mixin.py:188} INFO - [2026-01-16T00:46:03.079+0000] {dagbag.py:545} INFO - Filling up the DagBag from /opt/airflow/dags/price_pipeline_dag.py
[2026-01-16T00:46:03.513+0000] {processor.py:840} INFO - DAG(s) 'retail_price_pipeline' retrieved from /opt/airflow/dags/price_pipeline_dag.py
[2026-01-16T00:46:03.599+0000] {logging_mixin.py:188} INFO - [2026-01-16T00:46:03.599+0000] {dag.py:3089} INFO - Sync 1 DAGs
[2026-01-16T00:46:03.669+0000] {logging_mixin.py:188} INFO - [2026-01-16T00:46:03.668+0000] {dag.py:3947} INFO - Setting next_dagrun for retail_price_pipeline to 2026-01-16 00:00:00+00:00, run_after=2026-01-17 00:00:00+00:00
[2026-01-16T00:46:03.734+0000] {processor.py:183} INFO - Processing /opt/airflow/dags/price_pipeline_dag.py took 0.674 seconds
[2026-01-16T00:46:34.506+0000] {processor.py:161} INFO - Started process (PID=1437) to work on /opt/airflow/dags/price_pipeline_dag.py
[2026-01-16T00:46:34.508+0000] {processor.py:830} INFO - Processing file /opt/airflow/dags/price_pipeline_dag.py for tasks to queue
[2026-01-16T00:46:34.512+0000] {logging_mixin.py:188} INFO - [2026-01-16T00:46:34.511+0000] {dagbag.py:545} INFO - Filling up the DagBag from /opt/airflow/dags/price_pipeline_dag.py
[2026-01-16T00:46:34.609+0000] {processor.py:840} INFO - DAG(s) 'retail_price_pipeline' retrieved from /opt/airflow/dags/price_pipeline_dag.py
[2026-01-16T00:46:34.758+0000] {logging_mixin.py:188} INFO - [2026-01-16T00:46:34.758+0000] {dag.py:3089} INFO - Sync 1 DAGs
[2026-01-16T00:46:34.866+0000] {logging_mixin.py:188} INFO - [2026-01-16T00:46:34.865+0000] {dag.py:3947} INFO - Setting next_dagrun for retail_price_pipeline to 2026-01-16 00:00:00+00:00, run_after=2026-01-17 00:00:00+00:00
[2026-01-16T00:46:34.999+0000] {processor.py:183} INFO - Processing /opt/airflow/dags/price_pipeline_dag.py took 0.515 seconds
[2026-01-16T00:47:05.224+0000] {processor.py:161} INFO - Started process (PID=1442) to work on /opt/airflow/dags/price_pipeline_dag.py
[2026-01-16T00:47:05.228+0000] {processor.py:830} INFO - Processing file /opt/airflow/dags/price_pipeline_dag.py for tasks to queue
[2026-01-16T00:47:05.232+0000] {logging_mixin.py:188} INFO - [2026-01-16T00:47:05.231+0000] {dagbag.py:545} INFO - Filling up the DagBag from /opt/airflow/dags/price_pipeline_dag.py
[2026-01-16T00:47:05.319+0000] {processor.py:840} INFO - DAG(s) 'retail_price_pipeline' retrieved from /opt/airflow/dags/price_pipeline_dag.py
[2026-01-16T00:47:05.467+0000] {logging_mixin.py:188} INFO - [2026-01-16T00:47:05.466+0000] {dag.py:3089} INFO - Sync 1 DAGs
[2026-01-16T00:47:05.618+0000] {logging_mixin.py:188} INFO - [2026-01-16T00:47:05.617+0000] {dag.py:3947} INFO - Setting next_dagrun for retail_price_pipeline to 2026-01-16 00:00:00+00:00, run_after=2026-01-17 00:00:00+00:00
[2026-01-16T00:47:05.730+0000] {processor.py:183} INFO - Processing /opt/airflow/dags/price_pipeline_dag.py took 0.532 seconds
[2026-01-16T00:47:36.324+0000] {processor.py:161} INFO - Started process (PID=1447) to work on /opt/airflow/dags/price_pipeline_dag.py
[2026-01-16T00:47:36.336+0000] {processor.py:830} INFO - Processing file /opt/airflow/dags/price_pipeline_dag.py for tasks to queue
[2026-01-16T00:47:36.342+0000] {logging_mixin.py:188} INFO - [2026-01-16T00:47:36.341+0000] {dagbag.py:545} INFO - Filling up the DagBag from /opt/airflow/dags/price_pipeline_dag.py
[2026-01-16T00:47:36.540+0000] {processor.py:840} INFO - DAG(s) 'retail_price_pipeline' retrieved from /opt/airflow/dags/price_pipeline_dag.py
[2026-01-16T00:47:36.779+0000] {logging_mixin.py:188} INFO - [2026-01-16T00:47:36.778+0000] {dag.py:3089} INFO - Sync 1 DAGs
[2026-01-16T00:47:37.002+0000] {logging_mixin.py:188} INFO - [2026-01-16T00:47:37.000+0000] {dag.py:3947} INFO - Setting next_dagrun for retail_price_pipeline to 2026-01-16 00:00:00+00:00, run_after=2026-01-17 00:00:00+00:00
[2026-01-16T00:47:37.141+0000] {processor.py:183} INFO - Processing /opt/airflow/dags/price_pipeline_dag.py took 0.882 seconds
[2026-01-16T00:48:07.428+0000] {processor.py:161} INFO - Started process (PID=1452) to work on /opt/airflow/dags/price_pipeline_dag.py
[2026-01-16T00:48:07.436+0000] {processor.py:830} INFO - Processing file /opt/airflow/dags/price_pipeline_dag.py for tasks to queue
[2026-01-16T00:48:07.443+0000] {logging_mixin.py:188} INFO - [2026-01-16T00:48:07.440+0000] {dagbag.py:545} INFO - Filling up the DagBag from /opt/airflow/dags/price_pipeline_dag.py
[2026-01-16T00:48:07.590+0000] {processor.py:840} INFO - DAG(s) 'retail_price_pipeline' retrieved from /opt/airflow/dags/price_pipeline_dag.py
[2026-01-16T00:48:07.797+0000] {logging_mixin.py:188} INFO - [2026-01-16T00:48:07.796+0000] {dag.py:3089} INFO - Sync 1 DAGs
[2026-01-16T00:48:07.982+0000] {logging_mixin.py:188} INFO - [2026-01-16T00:48:07.980+0000] {dag.py:3947} INFO - Setting next_dagrun for retail_price_pipeline to 2026-01-16 00:00:00+00:00, run_after=2026-01-17 00:00:00+00:00
[2026-01-16T00:48:08.117+0000] {processor.py:183} INFO - Processing /opt/airflow/dags/price_pipeline_dag.py took 0.745 seconds
[2026-01-16T00:48:38.997+0000] {processor.py:161} INFO - Started process (PID=1457) to work on /opt/airflow/dags/price_pipeline_dag.py
[2026-01-16T00:48:39.010+0000] {processor.py:830} INFO - Processing file /opt/airflow/dags/price_pipeline_dag.py for tasks to queue
[2026-01-16T00:48:39.019+0000] {logging_mixin.py:188} INFO - [2026-01-16T00:48:39.016+0000] {dagbag.py:545} INFO - Filling up the DagBag from /opt/airflow/dags/price_pipeline_dag.py
[2026-01-16T00:48:39.155+0000] {processor.py:840} INFO - DAG(s) 'retail_price_pipeline' retrieved from /opt/airflow/dags/price_pipeline_dag.py
[2026-01-16T00:48:39.251+0000] {logging_mixin.py:188} INFO - [2026-01-16T00:48:39.250+0000] {dag.py:3089} INFO - Sync 1 DAGs
[2026-01-16T00:48:39.321+0000] {logging_mixin.py:188} INFO - [2026-01-16T00:48:39.321+0000] {dag.py:3947} INFO - Setting next_dagrun for retail_price_pipeline to 2026-01-16 00:00:00+00:00, run_after=2026-01-17 00:00:00+00:00
[2026-01-16T00:48:39.376+0000] {processor.py:183} INFO - Processing /opt/airflow/dags/price_pipeline_dag.py took 0.455 seconds
[2026-01-16T00:49:09.872+0000] {processor.py:161} INFO - Started process (PID=1462) to work on /opt/airflow/dags/price_pipeline_dag.py
[2026-01-16T00:49:09.878+0000] {processor.py:830} INFO - Processing file /opt/airflow/dags/price_pipeline_dag.py for tasks to queue
[2026-01-16T00:49:09.883+0000] {logging_mixin.py:188} INFO - [2026-01-16T00:49:09.881+0000] {dagbag.py:545} INFO - Filling up the DagBag from /opt/airflow/dags/price_pipeline_dag.py
[2026-01-16T00:49:10.032+0000] {processor.py:840} INFO - DAG(s) 'retail_price_pipeline' retrieved from /opt/airflow/dags/price_pipeline_dag.py
[2026-01-16T00:49:10.178+0000] {logging_mixin.py:188} INFO - [2026-01-16T00:49:10.177+0000] {dag.py:3089} INFO - Sync 1 DAGs
[2026-01-16T00:49:10.257+0000] {logging_mixin.py:188} INFO - [2026-01-16T00:49:10.256+0000] {dag.py:3947} INFO - Setting next_dagrun for retail_price_pipeline to 2026-01-16 00:00:00+00:00, run_after=2026-01-17 00:00:00+00:00
[2026-01-16T00:49:10.330+0000] {processor.py:183} INFO - Processing /opt/airflow/dags/price_pipeline_dag.py took 0.530 seconds
[2026-01-16T00:49:40.913+0000] {processor.py:161} INFO - Started process (PID=1467) to work on /opt/airflow/dags/price_pipeline_dag.py
[2026-01-16T00:49:40.918+0000] {processor.py:830} INFO - Processing file /opt/airflow/dags/price_pipeline_dag.py for tasks to queue
[2026-01-16T00:49:40.923+0000] {logging_mixin.py:188} INFO - [2026-01-16T00:49:40.921+0000] {dagbag.py:545} INFO - Filling up the DagBag from /opt/airflow/dags/price_pipeline_dag.py
[2026-01-16T00:49:41.024+0000] {processor.py:840} INFO - DAG(s) 'retail_price_pipeline' retrieved from /opt/airflow/dags/price_pipeline_dag.py
[2026-01-16T00:49:41.124+0000] {logging_mixin.py:188} INFO - [2026-01-16T00:49:41.124+0000] {dag.py:3089} INFO - Sync 1 DAGs
[2026-01-16T00:49:41.213+0000] {logging_mixin.py:188} INFO - [2026-01-16T00:49:41.213+0000] {dag.py:3947} INFO - Setting next_dagrun for retail_price_pipeline to 2026-01-16 00:00:00+00:00, run_after=2026-01-17 00:00:00+00:00
[2026-01-16T00:49:41.291+0000] {processor.py:183} INFO - Processing /opt/airflow/dags/price_pipeline_dag.py took 0.414 seconds
[2026-01-16T00:50:11.900+0000] {processor.py:161} INFO - Started process (PID=1472) to work on /opt/airflow/dags/price_pipeline_dag.py
[2026-01-16T00:50:11.904+0000] {processor.py:830} INFO - Processing file /opt/airflow/dags/price_pipeline_dag.py for tasks to queue
[2026-01-16T00:50:11.907+0000] {logging_mixin.py:188} INFO - [2026-01-16T00:50:11.906+0000] {dagbag.py:545} INFO - Filling up the DagBag from /opt/airflow/dags/price_pipeline_dag.py
[2026-01-16T00:50:11.996+0000] {processor.py:840} INFO - DAG(s) 'retail_price_pipeline' retrieved from /opt/airflow/dags/price_pipeline_dag.py
[2026-01-16T00:50:12.205+0000] {logging_mixin.py:188} INFO - [2026-01-16T00:50:12.146+0000] {dag.py:3089} INFO - Sync 1 DAGs
[2026-01-16T00:50:12.284+0000] {logging_mixin.py:188} INFO - [2026-01-16T00:50:12.284+0000] {dag.py:3947} INFO - Setting next_dagrun for retail_price_pipeline to 2026-01-16 00:00:00+00:00, run_after=2026-01-17 00:00:00+00:00
[2026-01-16T00:50:12.469+0000] {processor.py:183} INFO - Processing /opt/airflow/dags/price_pipeline_dag.py took 0.592 seconds
[2026-01-16T00:50:44.232+0000] {processor.py:161} INFO - Started process (PID=1477) to work on /opt/airflow/dags/price_pipeline_dag.py
[2026-01-16T00:50:44.242+0000] {processor.py:830} INFO - Processing file /opt/airflow/dags/price_pipeline_dag.py for tasks to queue
[2026-01-16T00:50:44.247+0000] {logging_mixin.py:188} INFO - [2026-01-16T00:50:44.245+0000] {dagbag.py:545} INFO - Filling up the DagBag from /opt/airflow/dags/price_pipeline_dag.py
[2026-01-16T00:50:44.840+0000] {processor.py:840} INFO - DAG(s) 'retail_price_pipeline' retrieved from /opt/airflow/dags/price_pipeline_dag.py
[2026-01-16T00:50:45.003+0000] {logging_mixin.py:188} INFO - [2026-01-16T00:50:45.002+0000] {dag.py:3089} INFO - Sync 1 DAGs
[2026-01-16T00:50:45.102+0000] {logging_mixin.py:188} INFO - [2026-01-16T00:50:45.101+0000] {dag.py:3947} INFO - Setting next_dagrun for retail_price_pipeline to 2026-01-16 00:00:00+00:00, run_after=2026-01-17 00:00:00+00:00
[2026-01-16T00:50:45.745+0000] {processor.py:183} INFO - Processing /opt/airflow/dags/price_pipeline_dag.py took 1.548 seconds
[2026-01-16T00:51:16.632+0000] {processor.py:161} INFO - Started process (PID=1482) to work on /opt/airflow/dags/price_pipeline_dag.py
[2026-01-16T00:51:16.635+0000] {processor.py:830} INFO - Processing file /opt/airflow/dags/price_pipeline_dag.py for tasks to queue
[2026-01-16T00:51:16.638+0000] {logging_mixin.py:188} INFO - [2026-01-16T00:51:16.637+0000] {dagbag.py:545} INFO - Filling up the DagBag from /opt/airflow/dags/price_pipeline_dag.py
[2026-01-16T00:51:16.888+0000] {processor.py:840} INFO - DAG(s) 'retail_price_pipeline' retrieved from /opt/airflow/dags/price_pipeline_dag.py
[2026-01-16T00:51:17.339+0000] {logging_mixin.py:188} INFO - [2026-01-16T00:51:17.339+0000] {dag.py:3089} INFO - Sync 1 DAGs
[2026-01-16T00:51:17.428+0000] {logging_mixin.py:188} INFO - [2026-01-16T00:51:17.428+0000] {dag.py:3947} INFO - Setting next_dagrun for retail_price_pipeline to 2026-01-16 00:00:00+00:00, run_after=2026-01-17 00:00:00+00:00
[2026-01-16T00:51:17.474+0000] {processor.py:183} INFO - Processing /opt/airflow/dags/price_pipeline_dag.py took 0.860 seconds
[2026-01-16T00:51:48.268+0000] {processor.py:161} INFO - Started process (PID=1487) to work on /opt/airflow/dags/price_pipeline_dag.py
[2026-01-16T00:51:48.274+0000] {processor.py:830} INFO - Processing file /opt/airflow/dags/price_pipeline_dag.py for tasks to queue
[2026-01-16T00:51:48.279+0000] {logging_mixin.py:188} INFO - [2026-01-16T00:51:48.278+0000] {dagbag.py:545} INFO - Filling up the DagBag from /opt/airflow/dags/price_pipeline_dag.py
[2026-01-16T00:51:48.371+0000] {processor.py:840} INFO - DAG(s) 'retail_price_pipeline' retrieved from /opt/airflow/dags/price_pipeline_dag.py
[2026-01-16T00:51:48.481+0000] {logging_mixin.py:188} INFO - [2026-01-16T00:51:48.480+0000] {dag.py:3089} INFO - Sync 1 DAGs
[2026-01-16T00:51:48.564+0000] {logging_mixin.py:188} INFO - [2026-01-16T00:51:48.563+0000] {dag.py:3947} INFO - Setting next_dagrun for retail_price_pipeline to 2026-01-16 00:00:00+00:00, run_after=2026-01-17 00:00:00+00:00
[2026-01-16T00:51:48.640+0000] {processor.py:183} INFO - Processing /opt/airflow/dags/price_pipeline_dag.py took 0.403 seconds
[2026-01-16T00:52:19.323+0000] {processor.py:161} INFO - Started process (PID=1492) to work on /opt/airflow/dags/price_pipeline_dag.py
[2026-01-16T00:52:19.326+0000] {processor.py:830} INFO - Processing file /opt/airflow/dags/price_pipeline_dag.py for tasks to queue
[2026-01-16T00:52:19.329+0000] {logging_mixin.py:188} INFO - [2026-01-16T00:52:19.328+0000] {dagbag.py:545} INFO - Filling up the DagBag from /opt/airflow/dags/price_pipeline_dag.py
[2026-01-16T00:52:19.413+0000] {processor.py:840} INFO - DAG(s) 'retail_price_pipeline' retrieved from /opt/airflow/dags/price_pipeline_dag.py
[2026-01-16T00:52:19.517+0000] {logging_mixin.py:188} INFO - [2026-01-16T00:52:19.516+0000] {dag.py:3089} INFO - Sync 1 DAGs
[2026-01-16T00:52:19.580+0000] {logging_mixin.py:188} INFO - [2026-01-16T00:52:19.579+0000] {dag.py:3947} INFO - Setting next_dagrun for retail_price_pipeline to 2026-01-16 00:00:00+00:00, run_after=2026-01-17 00:00:00+00:00
[2026-01-16T00:52:19.697+0000] {processor.py:183} INFO - Processing /opt/airflow/dags/price_pipeline_dag.py took 0.403 seconds
[2026-01-16T00:52:50.368+0000] {processor.py:161} INFO - Started process (PID=1497) to work on /opt/airflow/dags/price_pipeline_dag.py
[2026-01-16T00:52:50.370+0000] {processor.py:830} INFO - Processing file /opt/airflow/dags/price_pipeline_dag.py for tasks to queue
[2026-01-16T00:52:50.374+0000] {logging_mixin.py:188} INFO - [2026-01-16T00:52:50.373+0000] {dagbag.py:545} INFO - Filling up the DagBag from /opt/airflow/dags/price_pipeline_dag.py
[2026-01-16T00:52:50.858+0000] {processor.py:840} INFO - DAG(s) 'retail_price_pipeline' retrieved from /opt/airflow/dags/price_pipeline_dag.py
[2026-01-16T00:52:50.991+0000] {logging_mixin.py:188} INFO - [2026-01-16T00:52:50.990+0000] {dag.py:3089} INFO - Sync 1 DAGs
[2026-01-16T00:52:51.522+0000] {logging_mixin.py:188} INFO - [2026-01-16T00:52:51.521+0000] {dag.py:3947} INFO - Setting next_dagrun for retail_price_pipeline to 2026-01-16 00:00:00+00:00, run_after=2026-01-17 00:00:00+00:00
[2026-01-16T00:52:51.640+0000] {processor.py:183} INFO - Processing /opt/airflow/dags/price_pipeline_dag.py took 1.300 seconds
[2026-01-16T00:53:21.982+0000] {processor.py:161} INFO - Started process (PID=1502) to work on /opt/airflow/dags/price_pipeline_dag.py
[2026-01-16T00:53:21.988+0000] {processor.py:830} INFO - Processing file /opt/airflow/dags/price_pipeline_dag.py for tasks to queue
[2026-01-16T00:53:21.992+0000] {logging_mixin.py:188} INFO - [2026-01-16T00:53:21.990+0000] {dagbag.py:545} INFO - Filling up the DagBag from /opt/airflow/dags/price_pipeline_dag.py
[2026-01-16T00:53:22.087+0000] {processor.py:840} INFO - DAG(s) 'retail_price_pipeline' retrieved from /opt/airflow/dags/price_pipeline_dag.py
[2026-01-16T00:53:22.173+0000] {logging_mixin.py:188} INFO - [2026-01-16T00:53:22.173+0000] {dag.py:3089} INFO - Sync 1 DAGs
[2026-01-16T00:53:22.701+0000] {logging_mixin.py:188} INFO - [2026-01-16T00:53:22.227+0000] {dag.py:3947} INFO - Setting next_dagrun for retail_price_pipeline to 2026-01-16 00:00:00+00:00, run_after=2026-01-17 00:00:00+00:00
[2026-01-16T00:53:22.823+0000] {processor.py:183} INFO - Processing /opt/airflow/dags/price_pipeline_dag.py took 0.859 seconds
[2026-01-16T00:53:53.622+0000] {processor.py:161} INFO - Started process (PID=1507) to work on /opt/airflow/dags/price_pipeline_dag.py
[2026-01-16T00:53:53.630+0000] {processor.py:830} INFO - Processing file /opt/airflow/dags/price_pipeline_dag.py for tasks to queue
[2026-01-16T00:53:53.635+0000] {logging_mixin.py:188} INFO - [2026-01-16T00:53:53.633+0000] {dagbag.py:545} INFO - Filling up the DagBag from /opt/airflow/dags/price_pipeline_dag.py
[2026-01-16T00:53:53.779+0000] {processor.py:840} INFO - DAG(s) 'retail_price_pipeline' retrieved from /opt/airflow/dags/price_pipeline_dag.py
[2026-01-16T00:53:54.235+0000] {logging_mixin.py:188} INFO - [2026-01-16T00:53:54.234+0000] {dag.py:3089} INFO - Sync 1 DAGs
[2026-01-16T00:53:55.054+0000] {logging_mixin.py:188} INFO - [2026-01-16T00:53:55.053+0000] {dag.py:3947} INFO - Setting next_dagrun for retail_price_pipeline to 2026-01-16 00:00:00+00:00, run_after=2026-01-17 00:00:00+00:00
[2026-01-16T00:53:55.441+0000] {processor.py:183} INFO - Processing /opt/airflow/dags/price_pipeline_dag.py took 1.860 seconds
[2026-01-16T00:54:26.428+0000] {processor.py:161} INFO - Started process (PID=1512) to work on /opt/airflow/dags/price_pipeline_dag.py
[2026-01-16T00:54:26.440+0000] {processor.py:830} INFO - Processing file /opt/airflow/dags/price_pipeline_dag.py for tasks to queue
[2026-01-16T00:54:26.453+0000] {logging_mixin.py:188} INFO - [2026-01-16T00:54:26.450+0000] {dagbag.py:545} INFO - Filling up the DagBag from /opt/airflow/dags/price_pipeline_dag.py
[2026-01-16T00:54:26.702+0000] {processor.py:840} INFO - DAG(s) 'retail_price_pipeline' retrieved from /opt/airflow/dags/price_pipeline_dag.py
[2026-01-16T00:54:26.876+0000] {logging_mixin.py:188} INFO - [2026-01-16T00:54:26.875+0000] {dag.py:3089} INFO - Sync 1 DAGs
[2026-01-16T00:54:26.964+0000] {logging_mixin.py:188} INFO - [2026-01-16T00:54:26.963+0000] {dag.py:3947} INFO - Setting next_dagrun for retail_price_pipeline to 2026-01-16 00:00:00+00:00, run_after=2026-01-17 00:00:00+00:00
[2026-01-16T00:54:27.034+0000] {processor.py:183} INFO - Processing /opt/airflow/dags/price_pipeline_dag.py took 0.628 seconds
[2026-01-16T00:54:57.765+0000] {processor.py:161} INFO - Started process (PID=1517) to work on /opt/airflow/dags/price_pipeline_dag.py
[2026-01-16T00:54:57.768+0000] {processor.py:830} INFO - Processing file /opt/airflow/dags/price_pipeline_dag.py for tasks to queue
[2026-01-16T00:54:57.772+0000] {logging_mixin.py:188} INFO - [2026-01-16T00:54:57.771+0000] {dagbag.py:545} INFO - Filling up the DagBag from /opt/airflow/dags/price_pipeline_dag.py
[2026-01-16T00:54:57.880+0000] {processor.py:840} INFO - DAG(s) 'retail_price_pipeline' retrieved from /opt/airflow/dags/price_pipeline_dag.py
[2026-01-16T00:54:58.096+0000] {logging_mixin.py:188} INFO - [2026-01-16T00:54:58.095+0000] {dag.py:3089} INFO - Sync 1 DAGs
[2026-01-16T00:54:58.214+0000] {logging_mixin.py:188} INFO - [2026-01-16T00:54:58.213+0000] {dag.py:3947} INFO - Setting next_dagrun for retail_price_pipeline to 2026-01-16 00:00:00+00:00, run_after=2026-01-17 00:00:00+00:00
[2026-01-16T00:54:58.302+0000] {processor.py:183} INFO - Processing /opt/airflow/dags/price_pipeline_dag.py took 0.557 seconds
[2026-01-16T00:55:29.464+0000] {processor.py:161} INFO - Started process (PID=1522) to work on /opt/airflow/dags/price_pipeline_dag.py
[2026-01-16T00:55:29.467+0000] {processor.py:830} INFO - Processing file /opt/airflow/dags/price_pipeline_dag.py for tasks to queue
[2026-01-16T00:55:29.470+0000] {logging_mixin.py:188} INFO - [2026-01-16T00:55:29.469+0000] {dagbag.py:545} INFO - Filling up the DagBag from /opt/airflow/dags/price_pipeline_dag.py
[2026-01-16T00:55:29.551+0000] {processor.py:840} INFO - DAG(s) 'retail_price_pipeline' retrieved from /opt/airflow/dags/price_pipeline_dag.py
[2026-01-16T00:55:29.699+0000] {logging_mixin.py:188} INFO - [2026-01-16T00:55:29.698+0000] {dag.py:3089} INFO - Sync 1 DAGs
[2026-01-16T00:55:29.775+0000] {logging_mixin.py:188} INFO - [2026-01-16T00:55:29.775+0000] {dag.py:3947} INFO - Setting next_dagrun for retail_price_pipeline to 2026-01-16 00:00:00+00:00, run_after=2026-01-17 00:00:00+00:00
[2026-01-16T00:55:29.975+0000] {processor.py:183} INFO - Processing /opt/airflow/dags/price_pipeline_dag.py took 0.530 seconds
[2026-01-16T00:56:00.614+0000] {processor.py:161} INFO - Started process (PID=1527) to work on /opt/airflow/dags/price_pipeline_dag.py
[2026-01-16T00:56:00.620+0000] {processor.py:830} INFO - Processing file /opt/airflow/dags/price_pipeline_dag.py for tasks to queue
[2026-01-16T00:56:00.626+0000] {logging_mixin.py:188} INFO - [2026-01-16T00:56:00.623+0000] {dagbag.py:545} INFO - Filling up the DagBag from /opt/airflow/dags/price_pipeline_dag.py
[2026-01-16T00:56:00.788+0000] {processor.py:840} INFO - DAG(s) 'retail_price_pipeline' retrieved from /opt/airflow/dags/price_pipeline_dag.py
[2026-01-16T00:56:00.948+0000] {logging_mixin.py:188} INFO - [2026-01-16T00:56:00.947+0000] {dag.py:3089} INFO - Sync 1 DAGs
[2026-01-16T00:56:01.204+0000] {logging_mixin.py:188} INFO - [2026-01-16T00:56:01.203+0000] {dag.py:3947} INFO - Setting next_dagrun for retail_price_pipeline to 2026-01-16 00:00:00+00:00, run_after=2026-01-17 00:00:00+00:00
[2026-01-16T00:56:01.378+0000] {processor.py:183} INFO - Processing /opt/airflow/dags/price_pipeline_dag.py took 0.797 seconds
[2026-01-16T00:56:32.326+0000] {processor.py:161} INFO - Started process (PID=1532) to work on /opt/airflow/dags/price_pipeline_dag.py
[2026-01-16T00:56:32.328+0000] {processor.py:830} INFO - Processing file /opt/airflow/dags/price_pipeline_dag.py for tasks to queue
[2026-01-16T00:56:32.331+0000] {logging_mixin.py:188} INFO - [2026-01-16T00:56:32.330+0000] {dagbag.py:545} INFO - Filling up the DagBag from /opt/airflow/dags/price_pipeline_dag.py
[2026-01-16T00:56:32.544+0000] {processor.py:840} INFO - DAG(s) 'retail_price_pipeline' retrieved from /opt/airflow/dags/price_pipeline_dag.py
[2026-01-16T00:56:32.776+0000] {logging_mixin.py:188} INFO - [2026-01-16T00:56:32.775+0000] {dag.py:3089} INFO - Sync 1 DAGs
[2026-01-16T00:56:32.865+0000] {logging_mixin.py:188} INFO - [2026-01-16T00:56:32.864+0000] {dag.py:3947} INFO - Setting next_dagrun for retail_price_pipeline to 2026-01-16 00:00:00+00:00, run_after=2026-01-17 00:00:00+00:00
[2026-01-16T00:56:32.973+0000] {processor.py:183} INFO - Processing /opt/airflow/dags/price_pipeline_dag.py took 0.661 seconds
[2026-01-16T00:57:04.459+0000] {processor.py:161} INFO - Started process (PID=1537) to work on /opt/airflow/dags/price_pipeline_dag.py
[2026-01-16T00:57:04.491+0000] {processor.py:830} INFO - Processing file /opt/airflow/dags/price_pipeline_dag.py for tasks to queue
[2026-01-16T00:57:04.530+0000] {logging_mixin.py:188} INFO - [2026-01-16T00:57:04.495+0000] {dagbag.py:545} INFO - Filling up the DagBag from /opt/airflow/dags/price_pipeline_dag.py
[2026-01-16T00:57:05.583+0000] {processor.py:840} INFO - DAG(s) 'retail_price_pipeline' retrieved from /opt/airflow/dags/price_pipeline_dag.py
[2026-01-16T00:57:05.874+0000] {logging_mixin.py:188} INFO - [2026-01-16T00:57:05.874+0000] {dag.py:3089} INFO - Sync 1 DAGs
[2026-01-16T00:57:06.002+0000] {logging_mixin.py:188} INFO - [2026-01-16T00:57:06.001+0000] {dag.py:3947} INFO - Setting next_dagrun for retail_price_pipeline to 2026-01-16 00:00:00+00:00, run_after=2026-01-17 00:00:00+00:00
[2026-01-16T00:57:06.193+0000] {processor.py:183} INFO - Processing /opt/airflow/dags/price_pipeline_dag.py took 1.935 seconds
[2026-01-16T00:57:37.548+0000] {processor.py:161} INFO - Started process (PID=1542) to work on /opt/airflow/dags/price_pipeline_dag.py
[2026-01-16T00:57:37.570+0000] {processor.py:830} INFO - Processing file /opt/airflow/dags/price_pipeline_dag.py for tasks to queue
[2026-01-16T00:57:37.587+0000] {logging_mixin.py:188} INFO - [2026-01-16T00:57:37.580+0000] {dagbag.py:545} INFO - Filling up the DagBag from /opt/airflow/dags/price_pipeline_dag.py
[2026-01-16T00:57:37.941+0000] {processor.py:840} INFO - DAG(s) 'retail_price_pipeline' retrieved from /opt/airflow/dags/price_pipeline_dag.py
[2026-01-16T00:57:38.531+0000] {logging_mixin.py:188} INFO - [2026-01-16T00:57:38.530+0000] {dag.py:3089} INFO - Sync 1 DAGs
[2026-01-16T00:57:38.752+0000] {logging_mixin.py:188} INFO - [2026-01-16T00:57:38.751+0000] {dag.py:3947} INFO - Setting next_dagrun for retail_price_pipeline to 2026-01-16 00:00:00+00:00, run_after=2026-01-17 00:00:00+00:00
[2026-01-16T00:57:38.972+0000] {processor.py:183} INFO - Processing /opt/airflow/dags/price_pipeline_dag.py took 1.492 seconds
[2026-01-16T00:58:09.838+0000] {processor.py:161} INFO - Started process (PID=1547) to work on /opt/airflow/dags/price_pipeline_dag.py
[2026-01-16T00:58:09.842+0000] {processor.py:830} INFO - Processing file /opt/airflow/dags/price_pipeline_dag.py for tasks to queue
[2026-01-16T00:58:09.847+0000] {logging_mixin.py:188} INFO - [2026-01-16T00:58:09.845+0000] {dagbag.py:545} INFO - Filling up the DagBag from /opt/airflow/dags/price_pipeline_dag.py
[2026-01-16T00:58:09.976+0000] {processor.py:840} INFO - DAG(s) 'retail_price_pipeline' retrieved from /opt/airflow/dags/price_pipeline_dag.py
[2026-01-16T00:58:10.119+0000] {logging_mixin.py:188} INFO - [2026-01-16T00:58:10.118+0000] {dag.py:3089} INFO - Sync 1 DAGs
[2026-01-16T00:58:10.259+0000] {logging_mixin.py:188} INFO - [2026-01-16T00:58:10.257+0000] {dag.py:3947} INFO - Setting next_dagrun for retail_price_pipeline to 2026-01-16 00:00:00+00:00, run_after=2026-01-17 00:00:00+00:00
[2026-01-16T00:58:10.328+0000] {processor.py:183} INFO - Processing /opt/airflow/dags/price_pipeline_dag.py took 0.509 seconds
[2026-01-16T00:58:41.064+0000] {processor.py:161} INFO - Started process (PID=1552) to work on /opt/airflow/dags/price_pipeline_dag.py
[2026-01-16T00:58:41.067+0000] {processor.py:830} INFO - Processing file /opt/airflow/dags/price_pipeline_dag.py for tasks to queue
[2026-01-16T00:58:41.070+0000] {logging_mixin.py:188} INFO - [2026-01-16T00:58:41.069+0000] {dagbag.py:545} INFO - Filling up the DagBag from /opt/airflow/dags/price_pipeline_dag.py
[2026-01-16T00:58:41.161+0000] {processor.py:840} INFO - DAG(s) 'retail_price_pipeline' retrieved from /opt/airflow/dags/price_pipeline_dag.py
[2026-01-16T00:58:41.281+0000] {logging_mixin.py:188} INFO - [2026-01-16T00:58:41.281+0000] {dag.py:3089} INFO - Sync 1 DAGs
[2026-01-16T00:58:41.369+0000] {logging_mixin.py:188} INFO - [2026-01-16T00:58:41.368+0000] {dag.py:3947} INFO - Setting next_dagrun for retail_price_pipeline to 2026-01-16 00:00:00+00:00, run_after=2026-01-17 00:00:00+00:00
[2026-01-16T00:58:41.466+0000] {processor.py:183} INFO - Processing /opt/airflow/dags/price_pipeline_dag.py took 0.424 seconds
[2026-01-16T00:59:12.087+0000] {processor.py:161} INFO - Started process (PID=1557) to work on /opt/airflow/dags/price_pipeline_dag.py
[2026-01-16T00:59:12.092+0000] {processor.py:830} INFO - Processing file /opt/airflow/dags/price_pipeline_dag.py for tasks to queue
[2026-01-16T00:59:12.099+0000] {logging_mixin.py:188} INFO - [2026-01-16T00:59:12.096+0000] {dagbag.py:545} INFO - Filling up the DagBag from /opt/airflow/dags/price_pipeline_dag.py
[2026-01-16T00:59:12.274+0000] {processor.py:840} INFO - DAG(s) 'retail_price_pipeline' retrieved from /opt/airflow/dags/price_pipeline_dag.py
[2026-01-16T00:59:12.562+0000] {logging_mixin.py:188} INFO - [2026-01-16T00:59:12.560+0000] {dag.py:3089} INFO - Sync 1 DAGs
[2026-01-16T00:59:12.791+0000] {logging_mixin.py:188} INFO - [2026-01-16T00:59:12.791+0000] {dag.py:3947} INFO - Setting next_dagrun for retail_price_pipeline to 2026-01-16 00:00:00+00:00, run_after=2026-01-17 00:00:00+00:00
[2026-01-16T00:59:12.847+0000] {processor.py:183} INFO - Processing /opt/airflow/dags/price_pipeline_dag.py took 0.797 seconds
[2026-01-16T00:59:44.033+0000] {processor.py:161} INFO - Started process (PID=1562) to work on /opt/airflow/dags/price_pipeline_dag.py
[2026-01-16T00:59:44.036+0000] {processor.py:830} INFO - Processing file /opt/airflow/dags/price_pipeline_dag.py for tasks to queue
[2026-01-16T00:59:44.039+0000] {logging_mixin.py:188} INFO - [2026-01-16T00:59:44.038+0000] {dagbag.py:545} INFO - Filling up the DagBag from /opt/airflow/dags/price_pipeline_dag.py
[2026-01-16T00:59:44.339+0000] {processor.py:840} INFO - DAG(s) 'retail_price_pipeline' retrieved from /opt/airflow/dags/price_pipeline_dag.py
[2026-01-16T00:59:44.540+0000] {logging_mixin.py:188} INFO - [2026-01-16T00:59:44.539+0000] {dag.py:3089} INFO - Sync 1 DAGs
[2026-01-16T00:59:45.032+0000] {logging_mixin.py:188} INFO - [2026-01-16T00:59:45.025+0000] {dag.py:3947} INFO - Setting next_dagrun for retail_price_pipeline to 2026-01-16 00:00:00+00:00, run_after=2026-01-17 00:00:00+00:00
[2026-01-16T00:59:45.377+0000] {processor.py:183} INFO - Processing /opt/airflow/dags/price_pipeline_dag.py took 1.362 seconds
[2026-01-16T01:00:16.257+0000] {processor.py:161} INFO - Started process (PID=1567) to work on /opt/airflow/dags/price_pipeline_dag.py
[2026-01-16T01:00:16.259+0000] {processor.py:830} INFO - Processing file /opt/airflow/dags/price_pipeline_dag.py for tasks to queue
[2026-01-16T01:00:16.262+0000] {logging_mixin.py:188} INFO - [2026-01-16T01:00:16.261+0000] {dagbag.py:545} INFO - Filling up the DagBag from /opt/airflow/dags/price_pipeline_dag.py
[2026-01-16T01:00:16.374+0000] {processor.py:840} INFO - DAG(s) 'retail_price_pipeline' retrieved from /opt/airflow/dags/price_pipeline_dag.py
[2026-01-16T01:00:16.539+0000] {logging_mixin.py:188} INFO - [2026-01-16T01:00:16.537+0000] {dag.py:3089} INFO - Sync 1 DAGs
[2026-01-16T01:00:16.705+0000] {logging_mixin.py:188} INFO - [2026-01-16T01:00:16.703+0000] {dag.py:3947} INFO - Setting next_dagrun for retail_price_pipeline to 2026-01-16 00:00:00+00:00, run_after=2026-01-17 00:00:00+00:00
[2026-01-16T01:00:16.793+0000] {processor.py:183} INFO - Processing /opt/airflow/dags/price_pipeline_dag.py took 0.555 seconds
[2026-01-16T01:00:47.411+0000] {processor.py:161} INFO - Started process (PID=1572) to work on /opt/airflow/dags/price_pipeline_dag.py
[2026-01-16T01:00:47.415+0000] {processor.py:830} INFO - Processing file /opt/airflow/dags/price_pipeline_dag.py for tasks to queue
[2026-01-16T01:00:47.428+0000] {logging_mixin.py:188} INFO - [2026-01-16T01:00:47.420+0000] {dagbag.py:545} INFO - Filling up the DagBag from /opt/airflow/dags/price_pipeline_dag.py
[2026-01-16T01:00:47.584+0000] {processor.py:840} INFO - DAG(s) 'retail_price_pipeline' retrieved from /opt/airflow/dags/price_pipeline_dag.py
[2026-01-16T01:00:47.757+0000] {logging_mixin.py:188} INFO - [2026-01-16T01:00:47.757+0000] {dag.py:3089} INFO - Sync 1 DAGs
[2026-01-16T01:00:47.834+0000] {logging_mixin.py:188} INFO - [2026-01-16T01:00:47.833+0000] {dag.py:3947} INFO - Setting next_dagrun for retail_price_pipeline to 2026-01-16 00:00:00+00:00, run_after=2026-01-17 00:00:00+00:00
[2026-01-16T01:00:47.919+0000] {processor.py:183} INFO - Processing /opt/airflow/dags/price_pipeline_dag.py took 0.545 seconds
[2026-01-16T01:01:18.511+0000] {processor.py:161} INFO - Started process (PID=1577) to work on /opt/airflow/dags/price_pipeline_dag.py
[2026-01-16T01:01:18.517+0000] {processor.py:830} INFO - Processing file /opt/airflow/dags/price_pipeline_dag.py for tasks to queue
[2026-01-16T01:01:18.529+0000] {logging_mixin.py:188} INFO - [2026-01-16T01:01:18.528+0000] {dagbag.py:545} INFO - Filling up the DagBag from /opt/airflow/dags/price_pipeline_dag.py
[2026-01-16T01:01:18.689+0000] {processor.py:840} INFO - DAG(s) 'retail_price_pipeline' retrieved from /opt/airflow/dags/price_pipeline_dag.py
[2026-01-16T01:01:18.989+0000] {logging_mixin.py:188} INFO - [2026-01-16T01:01:18.988+0000] {dag.py:3089} INFO - Sync 1 DAGs
[2026-01-16T01:01:19.089+0000] {logging_mixin.py:188} INFO - [2026-01-16T01:01:19.088+0000] {dag.py:3947} INFO - Setting next_dagrun for retail_price_pipeline to 2026-01-16 00:00:00+00:00, run_after=2026-01-17 00:00:00+00:00
[2026-01-16T01:01:19.180+0000] {processor.py:183} INFO - Processing /opt/airflow/dags/price_pipeline_dag.py took 0.694 seconds
[2026-01-16T01:01:49.546+0000] {processor.py:161} INFO - Started process (PID=1582) to work on /opt/airflow/dags/price_pipeline_dag.py
[2026-01-16T01:01:49.550+0000] {processor.py:830} INFO - Processing file /opt/airflow/dags/price_pipeline_dag.py for tasks to queue
[2026-01-16T01:01:49.553+0000] {logging_mixin.py:188} INFO - [2026-01-16T01:01:49.552+0000] {dagbag.py:545} INFO - Filling up the DagBag from /opt/airflow/dags/price_pipeline_dag.py
[2026-01-16T01:01:49.677+0000] {processor.py:840} INFO - DAG(s) 'retail_price_pipeline' retrieved from /opt/airflow/dags/price_pipeline_dag.py
[2026-01-16T01:01:49.820+0000] {logging_mixin.py:188} INFO - [2026-01-16T01:01:49.819+0000] {dag.py:3089} INFO - Sync 1 DAGs
[2026-01-16T01:01:49.886+0000] {logging_mixin.py:188} INFO - [2026-01-16T01:01:49.885+0000] {dag.py:3947} INFO - Setting next_dagrun for retail_price_pipeline to 2026-01-16 00:00:00+00:00, run_after=2026-01-17 00:00:00+00:00
[2026-01-16T01:01:49.977+0000] {processor.py:183} INFO - Processing /opt/airflow/dags/price_pipeline_dag.py took 0.449 seconds
[2026-01-16T01:02:20.895+0000] {processor.py:161} INFO - Started process (PID=1587) to work on /opt/airflow/dags/price_pipeline_dag.py
[2026-01-16T01:02:20.905+0000] {processor.py:830} INFO - Processing file /opt/airflow/dags/price_pipeline_dag.py for tasks to queue
[2026-01-16T01:02:20.913+0000] {logging_mixin.py:188} INFO - [2026-01-16T01:02:20.911+0000] {dagbag.py:545} INFO - Filling up the DagBag from /opt/airflow/dags/price_pipeline_dag.py
[2026-01-16T01:02:21.066+0000] {processor.py:840} INFO - DAG(s) 'retail_price_pipeline' retrieved from /opt/airflow/dags/price_pipeline_dag.py
[2026-01-16T01:02:21.251+0000] {logging_mixin.py:188} INFO - [2026-01-16T01:02:21.250+0000] {dag.py:3089} INFO - Sync 1 DAGs
[2026-01-16T01:02:21.469+0000] {logging_mixin.py:188} INFO - [2026-01-16T01:02:21.468+0000] {dag.py:3947} INFO - Setting next_dagrun for retail_price_pipeline to 2026-01-16 00:00:00+00:00, run_after=2026-01-17 00:00:00+00:00
[2026-01-16T01:02:21.621+0000] {processor.py:183} INFO - Processing /opt/airflow/dags/price_pipeline_dag.py took 0.776 seconds
[2026-01-16T01:02:52.222+0000] {processor.py:161} INFO - Started process (PID=1592) to work on /opt/airflow/dags/price_pipeline_dag.py
[2026-01-16T01:02:52.226+0000] {processor.py:830} INFO - Processing file /opt/airflow/dags/price_pipeline_dag.py for tasks to queue
[2026-01-16T01:02:52.229+0000] {logging_mixin.py:188} INFO - [2026-01-16T01:02:52.228+0000] {dagbag.py:545} INFO - Filling up the DagBag from /opt/airflow/dags/price_pipeline_dag.py
[2026-01-16T01:02:52.347+0000] {processor.py:840} INFO - DAG(s) 'retail_price_pipeline' retrieved from /opt/airflow/dags/price_pipeline_dag.py
[2026-01-16T01:02:52.474+0000] {logging_mixin.py:188} INFO - [2026-01-16T01:02:52.473+0000] {dag.py:3089} INFO - Sync 1 DAGs
[2026-01-16T01:02:52.546+0000] {logging_mixin.py:188} INFO - [2026-01-16T01:02:52.546+0000] {dag.py:3947} INFO - Setting next_dagrun for retail_price_pipeline to 2026-01-16 00:00:00+00:00, run_after=2026-01-17 00:00:00+00:00
[2026-01-16T01:02:52.614+0000] {processor.py:183} INFO - Processing /opt/airflow/dags/price_pipeline_dag.py took 0.411 seconds
[2026-01-16T01:03:22.828+0000] {processor.py:161} INFO - Started process (PID=1597) to work on /opt/airflow/dags/price_pipeline_dag.py
[2026-01-16T01:03:22.832+0000] {processor.py:830} INFO - Processing file /opt/airflow/dags/price_pipeline_dag.py for tasks to queue
[2026-01-16T01:03:22.836+0000] {logging_mixin.py:188} INFO - [2026-01-16T01:03:22.835+0000] {dagbag.py:545} INFO - Filling up the DagBag from /opt/airflow/dags/price_pipeline_dag.py
[2026-01-16T01:03:22.934+0000] {processor.py:840} INFO - DAG(s) 'retail_price_pipeline' retrieved from /opt/airflow/dags/price_pipeline_dag.py
[2026-01-16T01:03:23.259+0000] {logging_mixin.py:188} INFO - [2026-01-16T01:03:23.259+0000] {dag.py:3089} INFO - Sync 1 DAGs
[2026-01-16T01:03:23.373+0000] {logging_mixin.py:188} INFO - [2026-01-16T01:03:23.372+0000] {dag.py:3947} INFO - Setting next_dagrun for retail_price_pipeline to 2026-01-16 00:00:00+00:00, run_after=2026-01-17 00:00:00+00:00
[2026-01-16T01:03:23.539+0000] {processor.py:183} INFO - Processing /opt/airflow/dags/price_pipeline_dag.py took 0.730 seconds
[2026-01-16T01:03:54.210+0000] {processor.py:161} INFO - Started process (PID=1602) to work on /opt/airflow/dags/price_pipeline_dag.py
[2026-01-16T01:03:54.213+0000] {processor.py:830} INFO - Processing file /opt/airflow/dags/price_pipeline_dag.py for tasks to queue
[2026-01-16T01:03:54.219+0000] {logging_mixin.py:188} INFO - [2026-01-16T01:03:54.217+0000] {dagbag.py:545} INFO - Filling up the DagBag from /opt/airflow/dags/price_pipeline_dag.py
[2026-01-16T01:03:54.293+0000] {processor.py:840} INFO - DAG(s) 'retail_price_pipeline' retrieved from /opt/airflow/dags/price_pipeline_dag.py
[2026-01-16T01:03:54.440+0000] {logging_mixin.py:188} INFO - [2026-01-16T01:03:54.440+0000] {dag.py:3089} INFO - Sync 1 DAGs
[2026-01-16T01:03:54.524+0000] {logging_mixin.py:188} INFO - [2026-01-16T01:03:54.523+0000] {dag.py:3947} INFO - Setting next_dagrun for retail_price_pipeline to 2026-01-16 00:00:00+00:00, run_after=2026-01-17 00:00:00+00:00
[2026-01-16T01:03:54.605+0000] {processor.py:183} INFO - Processing /opt/airflow/dags/price_pipeline_dag.py took 0.420 seconds
[2026-01-16T01:04:25.099+0000] {processor.py:161} INFO - Started process (PID=1607) to work on /opt/airflow/dags/price_pipeline_dag.py
[2026-01-16T01:04:25.120+0000] {processor.py:830} INFO - Processing file /opt/airflow/dags/price_pipeline_dag.py for tasks to queue
[2026-01-16T01:04:25.134+0000] {logging_mixin.py:188} INFO - [2026-01-16T01:04:25.132+0000] {dagbag.py:545} INFO - Filling up the DagBag from /opt/airflow/dags/price_pipeline_dag.py
[2026-01-16T01:04:25.289+0000] {processor.py:840} INFO - DAG(s) 'retail_price_pipeline' retrieved from /opt/airflow/dags/price_pipeline_dag.py
[2026-01-16T01:04:25.539+0000] {logging_mixin.py:188} INFO - [2026-01-16T01:04:25.538+0000] {dag.py:3089} INFO - Sync 1 DAGs
[2026-01-16T01:04:25.625+0000] {logging_mixin.py:188} INFO - [2026-01-16T01:04:25.625+0000] {dag.py:3947} INFO - Setting next_dagrun for retail_price_pipeline to 2026-01-16 00:00:00+00:00, run_after=2026-01-17 00:00:00+00:00
[2026-01-16T01:04:25.791+0000] {processor.py:183} INFO - Processing /opt/airflow/dags/price_pipeline_dag.py took 0.732 seconds
[2026-01-16T01:04:56.864+0000] {processor.py:161} INFO - Started process (PID=1612) to work on /opt/airflow/dags/price_pipeline_dag.py
[2026-01-16T01:04:56.867+0000] {processor.py:830} INFO - Processing file /opt/airflow/dags/price_pipeline_dag.py for tasks to queue
[2026-01-16T01:04:56.870+0000] {logging_mixin.py:188} INFO - [2026-01-16T01:04:56.869+0000] {dagbag.py:545} INFO - Filling up the DagBag from /opt/airflow/dags/price_pipeline_dag.py
[2026-01-16T01:04:56.977+0000] {processor.py:840} INFO - DAG(s) 'retail_price_pipeline' retrieved from /opt/airflow/dags/price_pipeline_dag.py
[2026-01-16T01:04:57.134+0000] {logging_mixin.py:188} INFO - [2026-01-16T01:04:57.133+0000] {dag.py:3089} INFO - Sync 1 DAGs
[2026-01-16T01:04:57.263+0000] {logging_mixin.py:188} INFO - [2026-01-16T01:04:57.261+0000] {dag.py:3947} INFO - Setting next_dagrun for retail_price_pipeline to 2026-01-16 00:00:00+00:00, run_after=2026-01-17 00:00:00+00:00
[2026-01-16T01:04:57.337+0000] {processor.py:183} INFO - Processing /opt/airflow/dags/price_pipeline_dag.py took 0.496 seconds
[2026-01-16T01:05:27.611+0000] {processor.py:161} INFO - Started process (PID=1617) to work on /opt/airflow/dags/price_pipeline_dag.py
[2026-01-16T01:05:27.615+0000] {processor.py:830} INFO - Processing file /opt/airflow/dags/price_pipeline_dag.py for tasks to queue
[2026-01-16T01:05:27.618+0000] {logging_mixin.py:188} INFO - [2026-01-16T01:05:27.617+0000] {dagbag.py:545} INFO - Filling up the DagBag from /opt/airflow/dags/price_pipeline_dag.py
[2026-01-16T01:05:27.708+0000] {processor.py:840} INFO - DAG(s) 'retail_price_pipeline' retrieved from /opt/airflow/dags/price_pipeline_dag.py
[2026-01-16T01:05:28.057+0000] {logging_mixin.py:188} INFO - [2026-01-16T01:05:28.056+0000] {dag.py:3089} INFO - Sync 1 DAGs
[2026-01-16T01:05:28.257+0000] {logging_mixin.py:188} INFO - [2026-01-16T01:05:28.256+0000] {dag.py:3947} INFO - Setting next_dagrun for retail_price_pipeline to 2026-01-16 00:00:00+00:00, run_after=2026-01-17 00:00:00+00:00
[2026-01-16T01:05:28.424+0000] {processor.py:183} INFO - Processing /opt/airflow/dags/price_pipeline_dag.py took 0.831 seconds
[2026-01-16T04:05:59.448+0000] {processor.py:161} INFO - Started process (PID=1622) to work on /opt/airflow/dags/price_pipeline_dag.py
[2026-01-16T04:05:59.507+0000] {processor.py:830} INFO - Processing file /opt/airflow/dags/price_pipeline_dag.py for tasks to queue
[2026-01-16T04:05:59.612+0000] {logging_mixin.py:188} INFO - [2026-01-16T04:05:59.582+0000] {dagbag.py:545} INFO - Filling up the DagBag from /opt/airflow/dags/price_pipeline_dag.py
[2026-01-16T04:06:00.274+0000] {processor.py:840} INFO - DAG(s) 'retail_price_pipeline' retrieved from /opt/airflow/dags/price_pipeline_dag.py
[2026-01-16T04:06:04.820+0000] {logging_mixin.py:188} INFO - [2026-01-16T04:06:04.816+0000] {dag.py:3089} INFO - Sync 1 DAGs
[2026-01-16T04:06:05.445+0000] {logging_mixin.py:188} INFO - [2026-01-16T04:06:05.444+0000] {dag.py:3947} INFO - Setting next_dagrun for retail_price_pipeline to 2026-01-16 00:00:00+00:00, run_after=2026-01-17 00:00:00+00:00
[2026-01-16T04:06:05.864+0000] {processor.py:183} INFO - Processing /opt/airflow/dags/price_pipeline_dag.py took 6.618 seconds
[2026-01-16T21:19:37.544+0000] {processor.py:161} INFO - Started process (PID=1627) to work on /opt/airflow/dags/price_pipeline_dag.py
[2026-01-16T21:19:37.694+0000] {processor.py:830} INFO - Processing file /opt/airflow/dags/price_pipeline_dag.py for tasks to queue
[2026-01-16T21:19:37.751+0000] {logging_mixin.py:188} INFO - [2026-01-16T21:19:37.749+0000] {dagbag.py:545} INFO - Filling up the DagBag from /opt/airflow/dags/price_pipeline_dag.py
[2026-01-16T21:19:39.489+0000] {processor.py:840} INFO - DAG(s) 'retail_price_pipeline' retrieved from /opt/airflow/dags/price_pipeline_dag.py
[2026-01-16T21:19:41.355+0000] {logging_mixin.py:188} INFO - [2026-01-16T21:19:41.353+0000] {dag.py:3089} INFO - Sync 1 DAGs
[2026-01-16T21:19:41.783+0000] {logging_mixin.py:188} INFO - [2026-01-16T21:19:41.780+0000] {dag.py:3947} INFO - Setting next_dagrun for retail_price_pipeline to 2026-01-16 00:00:00+00:00, run_after=2026-01-17 00:00:00+00:00
[2026-01-16T21:19:42.360+0000] {processor.py:183} INFO - Processing /opt/airflow/dags/price_pipeline_dag.py took 4.840 seconds
[2026-01-16T21:20:16.645+0000] {processor.py:161} INFO - Started process (PID=1632) to work on /opt/airflow/dags/price_pipeline_dag.py
[2026-01-16T21:20:16.737+0000] {processor.py:830} INFO - Processing file /opt/airflow/dags/price_pipeline_dag.py for tasks to queue
[2026-01-16T21:20:16.865+0000] {logging_mixin.py:188} INFO - [2026-01-16T21:20:16.863+0000] {dagbag.py:545} INFO - Filling up the DagBag from /opt/airflow/dags/price_pipeline_dag.py
[2026-01-16T21:20:20.635+0000] {processor.py:840} INFO - DAG(s) 'retail_price_pipeline' retrieved from /opt/airflow/dags/price_pipeline_dag.py
[2026-01-16T21:20:21.343+0000] {logging_mixin.py:188} INFO - [2026-01-16T21:20:21.342+0000] {dag.py:3089} INFO - Sync 1 DAGs
[2026-01-16T21:20:21.683+0000] {logging_mixin.py:188} INFO - [2026-01-16T21:20:21.682+0000] {dag.py:3947} INFO - Setting next_dagrun for retail_price_pipeline to 2026-01-16 00:00:00+00:00, run_after=2026-01-17 00:00:00+00:00
[2026-01-16T21:20:22.416+0000] {processor.py:183} INFO - Processing /opt/airflow/dags/price_pipeline_dag.py took 6.155 seconds
[2026-01-16T21:20:53.275+0000] {processor.py:161} INFO - Started process (PID=1637) to work on /opt/airflow/dags/price_pipeline_dag.py
[2026-01-16T21:20:53.289+0000] {processor.py:830} INFO - Processing file /opt/airflow/dags/price_pipeline_dag.py for tasks to queue
[2026-01-16T21:20:53.306+0000] {logging_mixin.py:188} INFO - [2026-01-16T21:20:53.305+0000] {dagbag.py:545} INFO - Filling up the DagBag from /opt/airflow/dags/price_pipeline_dag.py
[2026-01-16T21:20:55.303+0000] {processor.py:840} INFO - DAG(s) 'retail_price_pipeline' retrieved from /opt/airflow/dags/price_pipeline_dag.py
[2026-01-16T21:20:55.590+0000] {logging_mixin.py:188} INFO - [2026-01-16T21:20:55.589+0000] {dag.py:3089} INFO - Sync 1 DAGs
[2026-01-16T21:20:58.154+0000] {logging_mixin.py:188} INFO - [2026-01-16T21:20:58.153+0000] {dag.py:3947} INFO - Setting next_dagrun for retail_price_pipeline to 2026-01-16 00:00:00+00:00, run_after=2026-01-17 00:00:00+00:00
[2026-01-16T21:20:58.781+0000] {processor.py:183} INFO - Processing /opt/airflow/dags/price_pipeline_dag.py took 5.535 seconds
[2026-01-16T21:21:30.433+0000] {processor.py:161} INFO - Started process (PID=1642) to work on /opt/airflow/dags/price_pipeline_dag.py
[2026-01-16T21:21:30.591+0000] {processor.py:830} INFO - Processing file /opt/airflow/dags/price_pipeline_dag.py for tasks to queue
[2026-01-16T21:21:30.600+0000] {logging_mixin.py:188} INFO - [2026-01-16T21:21:30.597+0000] {dagbag.py:545} INFO - Filling up the DagBag from /opt/airflow/dags/price_pipeline_dag.py
[2026-01-16T21:21:31.879+0000] {processor.py:840} INFO - DAG(s) 'retail_price_pipeline' retrieved from /opt/airflow/dags/price_pipeline_dag.py
[2026-01-16T21:21:33.502+0000] {logging_mixin.py:188} INFO - [2026-01-16T21:21:33.501+0000] {dag.py:3089} INFO - Sync 1 DAGs
[2026-01-16T21:21:33.652+0000] {logging_mixin.py:188} INFO - [2026-01-16T21:21:33.651+0000] {dag.py:3947} INFO - Setting next_dagrun for retail_price_pipeline to 2026-01-16 00:00:00+00:00, run_after=2026-01-17 00:00:00+00:00
[2026-01-16T21:21:33.886+0000] {processor.py:183} INFO - Processing /opt/airflow/dags/price_pipeline_dag.py took 3.498 seconds
[2026-01-16T21:22:05.042+0000] {processor.py:161} INFO - Started process (PID=1647) to work on /opt/airflow/dags/price_pipeline_dag.py
[2026-01-16T21:22:05.054+0000] {processor.py:830} INFO - Processing file /opt/airflow/dags/price_pipeline_dag.py for tasks to queue
[2026-01-16T21:22:05.062+0000] {logging_mixin.py:188} INFO - [2026-01-16T21:22:05.059+0000] {dagbag.py:545} INFO - Filling up the DagBag from /opt/airflow/dags/price_pipeline_dag.py
[2026-01-16T21:22:05.244+0000] {processor.py:840} INFO - DAG(s) 'retail_price_pipeline' retrieved from /opt/airflow/dags/price_pipeline_dag.py
[2026-01-16T21:22:05.453+0000] {logging_mixin.py:188} INFO - [2026-01-16T21:22:05.451+0000] {dag.py:3089} INFO - Sync 1 DAGs
[2026-01-16T21:22:05.560+0000] {logging_mixin.py:188} INFO - [2026-01-16T21:22:05.559+0000] {dag.py:3947} INFO - Setting next_dagrun for retail_price_pipeline to 2026-01-16 00:00:00+00:00, run_after=2026-01-17 00:00:00+00:00
[2026-01-16T21:22:05.659+0000] {processor.py:183} INFO - Processing /opt/airflow/dags/price_pipeline_dag.py took 0.672 seconds
[2026-01-16T21:22:36.604+0000] {processor.py:161} INFO - Started process (PID=1652) to work on /opt/airflow/dags/price_pipeline_dag.py
[2026-01-16T21:22:36.608+0000] {processor.py:830} INFO - Processing file /opt/airflow/dags/price_pipeline_dag.py for tasks to queue
[2026-01-16T21:22:36.611+0000] {logging_mixin.py:188} INFO - [2026-01-16T21:22:36.610+0000] {dagbag.py:545} INFO - Filling up the DagBag from /opt/airflow/dags/price_pipeline_dag.py
[2026-01-16T21:22:36.740+0000] {processor.py:840} INFO - DAG(s) 'retail_price_pipeline' retrieved from /opt/airflow/dags/price_pipeline_dag.py
[2026-01-16T21:22:36.899+0000] {logging_mixin.py:188} INFO - [2026-01-16T21:22:36.898+0000] {dag.py:3089} INFO - Sync 1 DAGs
[2026-01-16T21:22:36.978+0000] {logging_mixin.py:188} INFO - [2026-01-16T21:22:36.978+0000] {dag.py:3947} INFO - Setting next_dagrun for retail_price_pipeline to 2026-01-16 00:00:00+00:00, run_after=2026-01-17 00:00:00+00:00
[2026-01-16T21:22:37.087+0000] {processor.py:183} INFO - Processing /opt/airflow/dags/price_pipeline_dag.py took 0.519 seconds
